08-24 14:47 Outer logger INFO     Compilation started
08-24 14:47 Arguments parsing INFO     Program started
08-24 14:47 Arguments parsing INFO     Arguments parsed
08-24 14:47 Outer logger INFO     main-part started
08-24 14:47 Outer logger DEBUG    low heap: [7]
08-24 14:47 Outer logger DEBUG    high_heap: []
08-24 14:47 Outer logger DEBUG    low heap: [7]
08-24 14:47 Outer logger DEBUG    high_heap: [9]
08-24 14:47 Outer logger DEBUG    low heap: [7, 1]
08-24 14:47 Outer logger DEBUG    high_heap: [9]
08-24 14:47 Outer logger DEBUG    low heap: [3, 1]
08-24 14:47 Outer logger DEBUG    high_heap: [7, 9]
08-24 14:47 Outer logger DEBUG    low heap: [6, 1, 3]
08-24 14:47 Outer logger DEBUG    high_heap: [9, 7]
08-24 14:47 Outer logger DEBUG    low heap: [2, 3, 1]
08-24 14:47 Outer logger DEBUG    high_heap: [6, 7, 9]
08-24 14:47 Outer logger DEBUG    low heap: [5, 2, 1, 3]
08-24 14:47 Outer logger DEBUG    high_heap: [7, 6, 9]
08-24 14:47 Outer logger DEBUG    low heap: [5, 2, 1, 3]
08-24 14:47 Outer logger DEBUG    high_heap: [7, 6, 9, 10]
08-24 14:47 Outer logger DEBUG    low heap: [5, 4, 1, 3, 2]
08-24 14:47 Outer logger DEBUG    high_heap: [7, 6, 9, 10]
08-24 14:47 Outer logger DEBUG    low heap: [5, 4, 1, 3, 2]
08-24 14:47 Outer logger DEBUG    high_heap: [7, 6, 9, 10, 8]
